0 info it worked if it ends with ok
1 verbose cli [ '/usr/local/bin/node', '/usr/local/bin/npm', 'start' ]
2 info using npm@3.3.12
3 info using node@v5.2.0
4 verbose run-script [ 'prestart', 'start', 'poststart' ]
5 info lifecycle unicode2regex@1.0.0~prestart: unicode2regex@1.0.0
6 silly lifecycle unicode2regex@1.0.0~prestart: no script for prestart, continuing
7 info lifecycle unicode2regex@1.0.0~start: unicode2regex@1.0.0
8 verbose lifecycle unicode2regex@1.0.0~start: unsafe-perm in lifecycle true
9 verbose lifecycle unicode2regex@1.0.0~start: PATH: /usr/local/lib/node_modules/npm/bin/node-gyp-bin:/Users/harveyliu/unicode2regex/node_modules/.bin:/Library/Frameworks/Python.framework/Versions/3.4/bin::/Library/Java/JavaVirtualMachines/jdk1.8.0_65.jdk/Contents/Home/bin:/opt/tctools/ant/apache-ant-1.9.6/bin:/opt/tctools/jboss/wildfly-8.2.0.Final/bin:/bin:/Users/harveyliu/tashome/prod/unix/script:/usr/local/bin:/usr/bin:/bin:/usr/sbin:/sbin:~/gradle-2.8/bin
10 verbose lifecycle unicode2regex@1.0.0~start: CWD: /Users/harveyliu/unicode2regex
11 silly lifecycle unicode2regex@1.0.0~start: Args: [ '-c', 'http-server . -a localhost -p 8080' ]
12 silly lifecycle unicode2regex@1.0.0~start: Returned: code: 1  signal: null
13 info lifecycle unicode2regex@1.0.0~start: Failed to exec start script
14 verbose stack Error: unicode2regex@1.0.0 start: `http-server . -a localhost -p 8080`
14 verbose stack Exit status 1
14 verbose stack     at EventEmitter.<anonymous> (/usr/local/lib/node_modules/npm/lib/utils/lifecycle.js:232:16)
14 verbose stack     at emitTwo (events.js:88:13)
14 verbose stack     at EventEmitter.emit (events.js:173:7)
14 verbose stack     at ChildProcess.<anonymous> (/usr/local/lib/node_modules/npm/lib/utils/spawn.js:24:14)
14 verbose stack     at emitTwo (events.js:88:13)
14 verbose stack     at ChildProcess.emit (events.js:173:7)
14 verbose stack     at maybeClose (internal/child_process.js:819:16)
14 verbose stack     at Process.ChildProcess._handle.onexit (internal/child_process.js:212:5)
15 verbose pkgid unicode2regex@1.0.0
16 verbose cwd /Users/harveyliu/unicode2regex
17 error Darwin 15.3.0
18 error argv "/usr/local/bin/node" "/usr/local/bin/npm" "start"
19 error node v5.2.0
20 error npm  v3.3.12
21 error code ELIFECYCLE
22 error unicode2regex@1.0.0 start: `http-server . -a localhost -p 8080`
22 error Exit status 1
23 error Failed at the unicode2regex@1.0.0 start script 'http-server . -a localhost -p 8080'.
23 error Make sure you have the latest version of node.js and npm installed.
23 error If you do, this is most likely a problem with the unicode2regex package,
23 error not with npm itself.
23 error Tell the author that this fails on your system:
23 error     http-server . -a localhost -p 8080
23 error You can get their info via:
23 error     npm owner ls unicode2regex
23 error There is likely additional logging output above.
24 verbose exit [ 1, true ]
